2025-07-13 13:58:05 | INFO     | utils.utils - Logging system initialized
2025-07-13 13:58:05 | INFO     | __main__ - ================================================================================
2025-07-13 13:58:05 | INFO     | __main__ - Chemical Kinetics Neural Network Pipeline
2025-07-13 13:58:05 | INFO     | __main__ - Configuration: config/config.jsonc
2025-07-13 13:58:05 | INFO     | utils.utils - Random seed set to 42
2025-07-13 13:58:05 | INFO     | utils.hardware - Using Apple Silicon MPS device
2025-07-13 13:58:05 | WARNING  | utils.hardware - MPS backend has limited operator support
2025-07-13 13:58:05 | WARNING  | utils.hardware - torch.compile is disabled for MPS devices
2025-07-13 13:58:05 | WARNING  | utils.hardware - Disabling torch.compile for MPS device due to compatibility issues
2025-07-13 13:58:05 | INFO     | __main__ - Pipeline initialized with NPY shard format for high-performance data loading
2025-07-13 13:58:05 | INFO     | __main__ - Starting direct NPY shard creation from raw files with normalization...
2025-07-13 13:58:05 | INFO     | data.normalizer - Using fixed reservoir size 1,000,000 for symlog quantile estimation
2025-07-13 13:58:05 | INFO     | data.preprocessor - Processing file 1/9: data/raw/run8001-result.h5
2025-07-13 13:58:07 | ERROR    | __main__ - Pipeline failed: "Unable to synchronously open object (object 'P_init' doesn't exist)"
Traceback (most recent call last):
  File "/Users/imalsky/Desktop/Test/src/main.py", line 270, in run
    self.preprocess_data()
  File "/Users/imalsky/Desktop/Test/src/main.py", line 159, in preprocess_data
    dataset_info = preprocessor.process_to_npy_shards()  # Now includes stats and norm
                   ^^^^^^^^^^^^^^^^^^^^^^^^^^^^^^^^^^^^
  File "/Users/imalsky/Desktop/Test/src/data/preprocessor.py", line 114, in process_to_npy_shards
    profile[:, i] = group[var][:]
                    ~~~~~^^^^^
  File "h5py/_objects.pyx", line 56, in h5py._objects.with_phil.wrapper
  File "h5py/_objects.pyx", line 57, in h5py._objects.with_phil.wrapper
  File "/opt/homebrew/Caskroom/miniforge/base/envs/nn/lib/python3.12/site-packages/h5py/_hl/group.py", line 360, in __getitem__
    oid = h5o.open(self.id, self._e(name), lapl=self._lapl)
          ^^^^^^^^^^^^^^^^^^^^^^^^^^^^^^^^^^^^^^^^^^^^^^^^^
  File "h5py/_objects.pyx", line 56, in h5py._objects.with_phil.wrapper
  File "h5py/_objects.pyx", line 57, in h5py._objects.with_phil.wrapper
  File "h5py/h5o.pyx", line 257, in h5py.h5o.open
KeyError: "Unable to synchronously open object (object 'P_init' doesn't exist)"
