2025-07-13 19:05:51 | INFO     | utils.utils - Logging system initialized
2025-07-13 19:05:51 | INFO     | __main__ - ================================================================================
2025-07-13 19:05:51 | INFO     | __main__ - Chemical Kinetics Neural Network Pipeline
2025-07-13 19:05:51 | INFO     | __main__ - Configuration: config/config.jsonc
2025-07-13 19:05:51 | INFO     | utils.utils - Random seed set to 42
2025-07-13 19:05:51 | INFO     | utils.hardware - Using Apple Silicon MPS device
2025-07-13 19:05:51 | WARNING  | utils.hardware - MPS backend has limited operator support
2025-07-13 19:05:51 | WARNING  | utils.hardware - torch.compile is disabled for MPS devices
2025-07-13 19:05:51 | WARNING  | utils.hardware - Disabling torch.compile for MPS device due to compatibility issues
2025-07-13 19:05:51 | INFO     | __main__ - Pipeline initialized with NPY shard format for high-performance data loading
2025-07-13 19:05:51 | INFO     | __main__ - Starting direct NPY shard creation from raw files with normalization...
2025-07-13 19:05:51 | INFO     | data.preprocessor - ──────────────────────────────────────────────────────────────────────────────
2025-07-13 19:05:51 | INFO     | data.preprocessor - Stage 1 – collecting normalisation statistics
2025-07-13 19:05:51 | INFO     | data.normalizer - Using fixed reservoir size 1,000,000 for symlog quantile estimation
2025-07-13 19:05:53 | ERROR    | __main__ - Pipeline failed: too many indices for array: array is 2-dimensional, but 3 were indexed
Traceback (most recent call last):
  File "/Users/imalsky/Desktop/Test/src/main.py", line 276, in run
    self.preprocess_data()
  File "/Users/imalsky/Desktop/Test/src/main.py", line 159, in preprocess_data
    dataset_info = preprocessor.process_to_npy_shards()  # Now includes stats and norm
                   ^^^^^^^^^^^^^^^^^^^^^^^^^^^^^^^^^^^^
  File "/Users/imalsky/Desktop/Test/src/data/preprocessor.py", line 114, in process_to_npy_shards
    self.normalizer._update_accumulators(
  File "/Users/imalsky/Desktop/Test/src/data/normalizer.py", line 113, in _update_accumulators
    var_data = data[:, :, var_idx].flatten()
               ~~~~^^^^^^^^^^^^^^^
IndexError: too many indices for array: array is 2-dimensional, but 3 were indexed
