2025-07-13 10:59:33 | INFO     | utils.utils - Logging system initialized
2025-07-13 10:59:33 | INFO     | __main__ - ================================================================================
2025-07-13 10:59:33 | INFO     | __main__ - Chemical Kinetics Neural Network Pipeline
2025-07-13 10:59:33 | INFO     | __main__ - Configuration: config/config.jsonc
2025-07-13 10:59:33 | INFO     | utils.utils - Random seed set to 42
2025-07-13 10:59:33 | INFO     | utils.hardware - Using Apple Silicon MPS device
2025-07-13 10:59:33 | WARNING  | utils.hardware - MPS backend has limited operator support
2025-07-13 10:59:33 | WARNING  | utils.hardware - torch.compile is disabled for MPS devices
2025-07-13 10:59:33 | WARNING  | utils.hardware - Disabling torch.compile for MPS device due to compatibility issues
2025-07-13 10:59:33 | INFO     | __main__ - Pipeline initialized with NPY shard format for high-performance data loading
2025-07-13 10:59:33 | INFO     | __main__ - Starting direct NPY shard creation from raw files...
2025-07-13 10:59:33 | ERROR    | __main__ - Pipeline failed: 'DataPreprocessor' object has no attribute '_build_shards'
Traceback (most recent call last):
  File "/Users/imalsky/Desktop/Test/src/main.py", line 301, in run
    self.preprocess_data()
  File "/Users/imalsky/Desktop/Test/src/main.py", line 167, in preprocess_data
    dataset_info = preprocessor.process_to_npy_shards()
                   ^^^^^^^^^^^^^^^^^^^^^^^^^^^^^^^^^^^^
  File "/Users/imalsky/Desktop/Test/src/data/preprocessor.py", line 193, in process_to_npy_shards
    shard_index = self._build_shards()
                  ^^^^^^^^^^^^^^^^^^
AttributeError: 'DataPreprocessor' object has no attribute '_build_shards'
