2025-07-12 19:59:36 | INFO     | utils.utils - Logging system initialized
2025-07-12 19:59:36 | INFO     | __main__ - ================================================================================
2025-07-12 19:59:36 | INFO     | __main__ - Chemical Kinetics Neural Network Pipeline
2025-07-12 19:59:36 | INFO     | __main__ - Configuration: config/config.jsonc
2025-07-12 19:59:36 | INFO     | utils.utils - Random seed set to 42
2025-07-12 19:59:36 | INFO     | utils.hardware - Using Apple Silicon MPS device
2025-07-12 19:59:36 | WARNING  | utils.hardware - MPS backend has limited operator support
2025-07-12 19:59:36 | WARNING  | utils.hardware - torch.compile is disabled for MPS devices
2025-07-12 19:59:36 | WARNING  | utils.hardware - Disabling torch.compile for MPS device due to compatibility issues
2025-07-12 19:59:36 | INFO     | __main__ - Pipeline initialized with NPY shard format for high-performance data loading
2025-07-12 19:59:36 | INFO     | __main__ - Using cached NPY shards and normalization data.
2025-07-12 19:59:36 | INFO     | __main__ - Starting model training...
2025-07-12 19:59:36 | INFO     | __main__ - Model: DEEPONET
2025-07-12 19:59:36 | INFO     | __main__ - Parameters: 5,044,878
2025-07-12 19:59:36 | INFO     | __main__ - Creating NPY shard datasets for high-performance loading...
2025-07-12 19:59:36 | INFO     | data.dataset - Train split: 139,653,063 samples (indices mmap-loaded)
2025-07-12 19:59:36 | INFO     | data.dataset - NPYDataset ready: 139,653,063 samples, 20 shards, normalized=True
2025-07-12 19:59:36 | INFO     | data.dataset - Validation split: 29,925,720 samples (indices mmap-loaded)
2025-07-12 19:59:36 | INFO     | data.dataset - NPYDataset ready: 29,925,720 samples, 20 shards, normalized=True
2025-07-12 19:59:36 | INFO     | data.dataset - Test split: 29,926,314 samples (indices mmap-loaded)
2025-07-12 19:59:36 | INFO     | data.dataset - NPYDataset ready: 29,926,314 samples, 20 shards, normalized=True
2025-07-12 19:59:36 | INFO     | __main__ - NPY Dataset info: {'format': 'npy_shards', 'n_shards': 20, 'samples_per_shard': 10000000, 'total_samples': 139653063, 'split': 'train', 'normalized': True}
2025-07-12 19:59:36 | INFO     | data.dataset - DataLoader created with 24 workers, prefetch_factor=4
2025-07-12 19:59:36 | INFO     | data.dataset - DataLoader created with 24 workers, prefetch_factor=4
2025-07-12 19:59:36 | INFO     | data.dataset - DataLoader created with 24 workers, prefetch_factor=4
2025-07-12 19:59:36 | INFO     | training.trainer - Reducing DataLoader workers from 24 ➔ 6
2025-07-12 19:59:37 | INFO     | training.trainer - Optimizer: AdamW with lr=5.00e-04, weight_decay=1.00e-05
2025-07-12 19:59:37 | INFO     | training.trainer - Scheduler: cosine
2025-07-12 19:59:37 | INFO     | training.trainer - Loss function: huber
2025-07-12 19:59:37 | WARNING  | training.trainer - MPS doesn't support bfloat16, using float16 instead
2025-07-12 19:59:37 | INFO     | training.trainer - GradScaler disabled on MPS (not supported)
2025-07-12 19:59:37 | INFO     | training.trainer - AMP enabled with dtype=float16 on mps device
2025-07-12 19:59:37 | INFO     | training.trainer - Starting training...
2025-07-12 19:59:37 | INFO     | training.trainer - Train batches: 1065
2025-07-12 19:59:37 | INFO     | training.trainer - Val batches: 228
